<?xml version="1.0" encoding="UTF-8"?>
<!-- Generated by org.testng.reporters.JUnitReportReporter -->
<testsuite hostname="IlhamImani" failures="0" tests="1" name="com.appium.ebay.AppiumEbayProject.Login" time="6.247" errors="0" timestamp="2024-09-03T21:43:36 WIB" skipped="0">
  <testcase classname="com.appium.ebay.AppiumEbayProject.Login" name="LoginTest" time="6.247"/>
  <system-out/>
</testsuite> <!-- com.appium.ebay.AppiumEbayProject.Login -->
