<?xml version="1.0" encoding="UTF-8"?>
<!-- Generated by org.testng.reporters.JUnitReportReporter -->
<testsuite hostname="IlhamImani" failures="0" tests="1" name="com.appium.ebay.AppiumEbayProject.AddToCart" time="19.882" errors="0" timestamp="2024-09-04T00:01:58 WIB" skipped="0">
  <testcase classname="com.appium.ebay.AppiumEbayProject.AddToCart" name="SearchTest" time="19.882"/>
  <system-out/>
</testsuite> <!-- com.appium.ebay.AppiumEbayProject.AddToCart -->
